<?xml version="1.0" encoding="UTF-8" ?>
<testsuite failures="0" time="0" errors="0" skipped="0" tests="9" name="org.jsoup.parser.TagTest">
  <properties>
[...]
</properties>
  <testcase time="0" classname="org.jsoup.parser.TagTest" name="isCaseInsensitive"/>
  <testcase time="0" classname="org.jsoup.parser.TagTest" name="trims"/>
  <testcase time="0" classname="org.jsoup.parser.TagTest" name="equality"/>
  <testcase time="0" classname="org.jsoup.parser.TagTest" name="divSemantics"/>
  <testcase time="0" classname="org.jsoup.parser.TagTest" name="pSemantics"/>
  <testcase time="0" classname="org.jsoup.parser.TagTest" name="imgSemantics"/>
  <testcase time="0" classname="org.jsoup.parser.TagTest" name="defaultSemantics"/>
  <testcase time="0" classname="org.jsoup.parser.TagTest" name="valueOfChecksNotNull"/>
  <testcase time="0" classname="org.jsoup.parser.TagTest" name="valueOfChecksNotEmpty"/>
</testsuite>