<?xml version="1.0" encoding="UTF-8" ?>
<testsuite failures="0" time="0.053" errors="0" skipped="0" tests="50" name="org.jsoup.select.SelectorTest">
  <properties>
[...]
</properties>
  <testcase time="0.001" classname="org.jsoup.select.SelectorTest" name="and"/>
  <testcase time="0" classname="org.jsoup.select.SelectorTest" name="testByTag"/>
  <testcase time="0.004" classname="org.jsoup.select.SelectorTest" name="testById"/>
  <testcase time="0.001" classname="org.jsoup.select.SelectorTest" name="testByClass"/>
  <testcase time="0.002" classname="org.jsoup.select.SelectorTest" name="testByAttribute"/>
  <testcase time="0.002" classname="org.jsoup.select.SelectorTest" name="testNamespacedTag"/>
  <testcase time="0.001" classname="org.jsoup.select.SelectorTest" name="testByAttributeStarting"/>
  <testcase time="0.007" classname="org.jsoup.select.SelectorTest" name="testByAttributeRegex"/>
  <testcase time="0.001" classname="org.jsoup.select.SelectorTest" name="testByAttributeRegexCharacterClass"/>
  <testcase time="0.001" classname="org.jsoup.select.SelectorTest" name="testByAttributeRegexCombined"/>
  <testcase time="0.001" classname="org.jsoup.select.SelectorTest" name="testCombinedWithContains"/>
  <testcase time="0" classname="org.jsoup.select.SelectorTest" name="testAllElements"/>
  <testcase time="0" classname="org.jsoup.select.SelectorTest" name="testAllWithClass"/>
  <testcase time="0.001" classname="org.jsoup.select.SelectorTest" name="testGroupOr"/>
  <testcase time="0" classname="org.jsoup.select.SelectorTest" name="testGroupOrAttribute"/>
  <testcase time="0.002" classname="org.jsoup.select.SelectorTest" name="descendant"/>
  <testcase time="0.003" classname="org.jsoup.select.SelectorTest" name="deeperDescendant"/>
  <testcase time="0" classname="org.jsoup.select.SelectorTest" name="parentChildElement"/>
  <testcase time="0.001" classname="org.jsoup.select.SelectorTest" name="parentWithClassChild"/>
  <testcase time="0" classname="org.jsoup.select.SelectorTest" name="parentChildStar"/>
  <testcase time="0.001" classname="org.jsoup.select.SelectorTest" name="multiChildDescent"/>
  <testcase time="0" classname="org.jsoup.select.SelectorTest" name="caseInsensitive"/>
  <testcase time="0.001" classname="org.jsoup.select.SelectorTest" name="adjacentSiblings"/>
  <testcase time="0" classname="org.jsoup.select.SelectorTest" name="adjacentSiblingsWithId"/>
  <testcase time="0" classname="org.jsoup.select.SelectorTest" name="notAdjacent"/>
  <testcase time="0" classname="org.jsoup.select.SelectorTest" name="mixCombinator"/>
  <testcase time="0" classname="org.jsoup.select.SelectorTest" name="mixCombinatorGroup"/>
  <testcase time="0" classname="org.jsoup.select.SelectorTest" name="generalSiblings"/>
  <testcase time="0" classname="org.jsoup.select.SelectorTest" name="testCharactersInIdAndClass"/>
  <testcase time="0" classname="org.jsoup.select.SelectorTest" name="testSupportsLeadingCombinator"/>
  <testcase time="0" classname="org.jsoup.select.SelectorTest" name="testPseudoLessThan"/>
  <testcase time="0.001" classname="org.jsoup.select.SelectorTest" name="testPseudoGreaterThan"/>
  <testcase time="0" classname="org.jsoup.select.SelectorTest" name="testPseudoEquals"/>
  <testcase time="0.001" classname="org.jsoup.select.SelectorTest" name="testPseudoBetween"/>
  <testcase time="0" classname="org.jsoup.select.SelectorTest" name="testPseudoCombined"/>
  <testcase time="0.001" classname="org.jsoup.select.SelectorTest" name="testPseudoHas"/>
  <testcase time="0.001" classname="org.jsoup.select.SelectorTest" name="testNestedHas"/>
  <testcase time="0.001" classname="org.jsoup.select.SelectorTest" name="testPseudoContains"/>
  <testcase time="0" classname="org.jsoup.select.SelectorTest" name="testPsuedoContainsWithParentheses"/>
  <testcase time="0.001" classname="org.jsoup.select.SelectorTest" name="containsOwn"/>
  <testcase time="0.003" classname="org.jsoup.select.SelectorTest" name="testMatches"/>
  <testcase time="0.001" classname="org.jsoup.select.SelectorTest" name="matchesOwn"/>
  <testcase time="0.001" classname="org.jsoup.select.SelectorTest" name="notParas"/>
  <testcase time="0.001" classname="org.jsoup.select.SelectorTest" name="notAll"/>
  <testcase time="0.001" classname="org.jsoup.select.SelectorTest" name="notClass"/>
  <testcase time="0" classname="org.jsoup.select.SelectorTest" name="handlesCommasInSelector"/>
  <testcase time="0.001" classname="org.jsoup.select.SelectorTest" name="selectSupplementaryCharacter"/>
  <testcase time="0.001" classname="org.jsoup.select.SelectorTest" name="selectClassWithSpace"/>
  <testcase time="0.005" classname="org.jsoup.select.SelectorTest" name="selectSameElements"/>
  <testcase time="0.003" classname="org.jsoup.select.SelectorTest" name="testRelaxedTags"/>
</testsuite>